testdata1
testdata2
testdata3

asd [2014-10-01T05:59:24+02:00]
sadf [2014-10-01T05:59:27+02:00]
test3 [2014-10-01T06:00:22+02:00]
test4 [2014-10-01T06:00:49+02:00]
yahagi
hiroyuki

tanaka [2014-10-01T06:10:26+02:00]
takeda [2014-10-01T06:10:28+02:00]
tomohiko [2014-10-01T06:10:31+02:00]
aaa [2014-10-01T08:54:04+02:00]
test [2014-10-01T08:54:24+02:00]
test [2014-10-01T08:59:54+02:00]
test4 [2014-10-01T09:00:26+02:00]
てすと [2014-10-01T09:00:43+02:00]
ざああ [2014-10-01T09:01:04+02:00]
aaa [2014-10-01T09:02:25+02:00]
aaa [2014-10-01T09:02:48+02:00]
あ [2014-10-01T09:05:01+02:00]
s [2014-10-01T09:05:53+02:00]
asd [2014-10-01T09:18:13+02:00]
問題1 [2014-10-01T09:54:59+02:00]
aaa [2014-10-01T09:55:46+02:00]
aaa [2014-10-01T09:58:42+02:00]
aaa [2014-10-01T10:00:35+02:00]
aaa [2014-10-01T10:04:00+02:00]
aaa [2014-10-01T10:05:27+02:00]
aaa [2014-10-01T10:06:03+02:00]
aaa [2014-10-01T10:06:15+02:00]
1[ [2014-10-01T10:09:00+02:00]
2 [2014-10-01T10:11:04+02:00]
asd [2014-10-01T10:12:09+02:00]
as [2014-10-01T10:12:21+02:00]
asd [2014-10-01T10:12:54+02:00]
aasa [2014-10-01T10:13:51+02:00]
aaa [2014-10-01T10:14:30+02:00]
ew [2014-10-01T10:15:14+02:00]
ad [2014-10-01T10:16:03+02:00]
asds [2014-10-01T10:16:29+02:00]
dzgv [2014-10-01T10:17:25+02:00]
dvfs [2014-10-01T10:18:21+02:00]
asf [2014-10-01T10:19:15+02:00]
sdfg [2014-10-01T10:19:55+02:00]
sadf [2014-10-01T10:21:59+02:00]
sfg [2014-10-01T10:23:07+02:00]
asdf [2014-10-01T10:24:45+02:00]
